<?xml version="1.0" encoding="UTF-8"?>
<coverage generated="1609264884480" clover="3.2.0">
  <project timestamp="1609264884480" name="All files">
    <metrics statements="5" coveredstatements="5" conditionals="1" coveredconditionals="1" methods="2" coveredmethods="2" elements="8" coveredelements="8" complexity="0" loc="5" ncloc="5" packages="1" files="1" classes="1"/>
    <file name="savePet.ts" path="/Users/priyanka/Study/JSUnitTesting2/repository/savePet.ts">
      <metrics statements="5" coveredstatements="5" conditionals="1" coveredconditionals="1" methods="2" coveredmethods="2"/>
      <line num="1" count="1" type="stmt"/>
      <line num="3" count="1" type="stmt"/>
      <line num="4" count="1" type="stmt"/>
      <line num="12" count="1" type="stmt"/>
      <line num="13" count="2" type="cond" truecount="1" falsecount="0"/>
    </file>
  </project>
</coverage>
