{"/Users/priyanka/Study/JSUnitTesting2/repository/savePet.ts": {"path":"/Users/priyanka/Study/JSUnitTesting2/repository/savePet.ts","statementMap":{"0":{"start":{"line":1,"column":0},"end":{"line":1,"column":68}},"1":{"start":{"line":3,"column":16},"end":{"line":3,"column":30}},"2":{"start":{"line":4,"column":11},"end":{"line":4,"column":40}},"3":{"start":{"line":12,"column":23},"end":{"line":22,"column":2}},"4":{"start":{"line":12,"column":57},"end":{"line":22,"column":2}},"5":{"start":{"line":13,"column":2},"end":{"line":21,"column":15}},"6":{"start":{"line":12,"column":13},"end":{"line":12,"column":23}}},"fnMap":{"0":{"name":"(anonymous_16)","decl":{"start":{"line":12,"column":23},"end":{"line":12,"column":30}},"loc":{"start":{"line":12,"column":57},"end":{"line":22,"column":2}}},"1":{"name":"(anonymous_17)","decl":{"start":{"line":12,"column":57},"end":{"line":12,"column":null}},"loc":{"start":{"line":12,"column":57},"end":{"line":22,"column":2}}}},"branchMap":{"0":{"loc":{"start":{"line":13,"column":2},"end":{"line":21,"column":15}},"type":"switch","locations":[{"start":{"line":13,"column":2},"end":{"line":21,"column":15}}]}},"s":{"0":1,"1":1,"2":1,"3":1,"4":1,"5":2,"6":1},"f":{"0":1,"1":1},"b":{"0":[1]}}
}
